<?xml version="1.0" encoding="UTF-8"?>
<!-- Generated by org.testng.reporters.JUnitXMLReporter -->
<testsuite ignored="0" hostname="MAVBCP3329" failures="1" tests="1" name="Sample2Test" time="6.035" errors="0" timestamp="2021-09-28T10:50:23 IST">
  <testcase classname="com.maven.autosel.RecorderScript" name="testParameterWithXML" time="0.243">
    <failure type="atu.testrecorder.exceptions.ATUTestRecorderException">
      <![CDATA[[ATU Test Recorder Exception] Directory "C:\Users\sanjayp" does not exist.
at atu.testrecorder.ATUTestRecorder.<init>(ATUTestRecorder.java:184)
at com.maven.autosel.RecorderScript.testParameterWithXML(RecorderScript.java:53)
at java.base/java.util.ArrayList.forEach(ArrayList.java:1511)
... Removed 27 stack frames]]>
    </failure>
  </testcase> <!-- testParameterWithXML -->
</testsuite> <!-- Sample2Test -->
