<?xml version="1.0" encoding="UTF-8"?>
<testng-results ignored="0" total="1" passed="1" failed="0" skipped="0">
  <reporter-output>
  </reporter-output>
  <suite started-at="2021-09-28T11:00:19 IST" name="Default suite" finished-at="2021-09-28T11:00:49 IST" duration-ms="30114">
    <groups>
    </groups>
    <test started-at="2021-09-28T11:00:19 IST" name="Default test" finished-at="2021-09-28T11:00:49 IST" duration-ms="30114">
      <class name="com.maven.autosel.RecorderScript">
        <test-method is-config="true" signature="setup(java.lang.String)[pri:0, instance:com.maven.autosel.RecorderScript@1e04fa0a]" started-at="2021-09-28T11:00:19 IST" name="setup" finished-at="2021-09-28T11:00:26 IST" duration-ms="6956" status="PASS">
          <params>
            <param index="0">
              <value>
                <![CDATA[Firefox]]>
              </value>
            </param>
          </params>
          <reporter-output>
          </reporter-output>
        </test-method> <!-- setup -->
        <test-method signature="testParameterWithXML()[pri:0, instance:com.maven.autosel.RecorderScript@1e04fa0a]" started-at="2021-09-28T11:00:26 IST" name="testParameterWithXML" finished-at="2021-09-28T11:00:49 IST" duration-ms="23085" status="PASS">
          <reporter-output>
          </reporter-output>
        </test-method> <!-- testParameterWithXML -->
      </class> <!-- com.maven.autosel.RecorderScript -->
    </test> <!-- Default test -->
  </suite> <!-- Default suite -->
</testng-results>
